2024-07-31T04:47:52.971+09:00  INFO 1200 --- [demo] [main] com.example.demo.GdgApplication          : Starting GdgApplication using Java 17.0.10 with PID 1200 (C:\Users\rohgi\PracticeFile\Java8-Spring\기봉\Spring\demo\build\classes\java\main started by bong in C:\Users\rohgi\PracticeFile\Java8-Spring\기봉\Spring\demo)
2024-07-31T04:47:52.971+09:00  INFO 1200 --- [demo] [main] com.example.demo.GdgApplication          : No active profile set, falling back to 1 default profile: "default"
2024-07-31T04:47:53.526+09:00  INFO 1200 --- [demo] [main] .s.d.r.c.RepositoryConfigurationDelegate : Bootstrapping Spring Data JPA repositories in DEFAULT mode.
2024-07-31T04:47:53.578+09:00  INFO 1200 --- [demo] [main] .s.d.r.c.RepositoryConfigurationDelegate : Finished Spring Data repository scanning in 45 ms. Found 1 JPA repository interface.
2024-07-31T04:47:53.988+09:00  INFO 1200 --- [demo] [main] o.s.b.w.embedded.tomcat.TomcatWebServer  : Tomcat initialized with port 8080 (http)
2024-07-31T04:47:53.997+09:00  INFO 1200 --- [demo] [main] o.apache.catalina.core.StandardService   : Starting service [Tomcat]
2024-07-31T04:47:53.997+09:00  INFO 1200 --- [demo] [main] o.apache.catalina.core.StandardEngine    : Starting Servlet engine: [Apache Tomcat/10.1.26]
2024-07-31T04:47:54.043+09:00  INFO 1200 --- [demo] [main] o.a.c.c.C.[Tomcat].[localhost].[/]       : Initializing Spring embedded WebApplicationContext
2024-07-31T04:47:54.043+09:00  INFO 1200 --- [demo] [main] w.s.c.ServletWebServerApplicationContext : Root WebApplicationContext: initialization completed in 1035 ms
2024-07-31T04:47:54.163+09:00  INFO 1200 --- [demo] [main] o.hibernate.jpa.internal.util.LogHelper  : HHH000204: Processing PersistenceUnitInfo [name: default]
2024-07-31T04:47:54.211+09:00  INFO 1200 --- [demo] [main] org.hibernate.Version                    : HHH000412: Hibernate ORM core version 6.5.2.Final
2024-07-31T04:47:54.244+09:00  INFO 1200 --- [demo] [main] o.h.c.internal.RegionFactoryInitiator    : HHH000026: Second-level cache disabled
2024-07-31T04:47:54.502+09:00  INFO 1200 --- [demo] [main] o.s.o.j.p.SpringPersistenceUnitInfo      : No LoadTimeWeaver setup: ignoring JPA class transformer
2024-07-31T04:47:54.524+09:00  INFO 1200 --- [demo] [main] com.zaxxer.hikari.HikariDataSource       : HikariPool-1 - Starting...
2024-07-31T04:47:54.772+09:00  INFO 1200 --- [demo] [main] com.zaxxer.hikari.pool.HikariPool        : HikariPool-1 - Added connection com.mysql.cj.jdbc.ConnectionImpl@6f6c8d45
2024-07-31T04:47:54.774+09:00  INFO 1200 --- [demo] [main] com.zaxxer.hikari.HikariDataSource       : HikariPool-1 - Start completed.
2024-07-31T04:47:54.813+09:00  WARN 1200 --- [demo] [main] org.hibernate.orm.deprecation            : HHH90000025: MySQL8Dialect does not need to be specified explicitly using 'hibernate.dialect' (remove the property setting and it will be selected by default)
2024-07-31T04:47:54.814+09:00  WARN 1200 --- [demo] [main] org.hibernate.orm.deprecation            : HHH90000026: MySQL8Dialect has been deprecated; use org.hibernate.dialect.MySQLDialect instead
2024-07-31T04:47:55.628+09:00  INFO 1200 --- [demo] [main] o.h.e.t.j.p.i.JtaPlatformInitiator       : HHH000489: No JTA platform available (set 'hibernate.transaction.jta.platform' to enable JTA platform integration)
2024-07-31T04:47:55.669+09:00  INFO 1200 --- [demo] [main] j.LocalContainerEntityManagerFactoryBean : Initialized JPA EntityManagerFactory for persistence unit 'default'
2024-07-31T04:47:55.913+09:00  WARN 1200 --- [demo] [main] JpaBaseConfiguration$JpaWebConfiguration : spring.jpa.open-in-view is enabled by default. Therefore, database queries may be performed during view rendering. Explicitly configure spring.jpa.open-in-view to disable this warning
2024-07-31T04:47:55.939+09:00  WARN 1200 --- [demo] [main] .s.s.UserDetailsServiceAutoConfiguration : 

Using generated security password: a5c1efc2-b449-4d57-8173-38a14566ce97

This generated password is for development use only. Your security configuration must be updated before running your application in production.

2024-07-31T04:47:55.954+09:00  INFO 1200 --- [demo] [main] r$InitializeUserDetailsManagerConfigurer : Global AuthenticationManager configured with UserDetailsService bean with name inMemoryUserDetailsManager
2024-07-31T04:47:56.354+09:00  INFO 1200 --- [demo] [main] o.s.b.w.embedded.tomcat.TomcatWebServer  : Tomcat started on port 8080 (http) with context path '/'
2024-07-31T04:47:56.361+09:00  INFO 1200 --- [demo] [main] com.example.demo.GdgApplication          : Started GdgApplication in 3.769 seconds (process running for 4.274)
2024-07-31T04:48:09.032+09:00  INFO 1200 --- [demo] [http-nio-8080-exec-2] o.a.c.c.C.[Tomcat].[localhost].[/]       : Initializing Spring DispatcherServlet 'dispatcherServlet'
2024-07-31T04:48:09.033+09:00  INFO 1200 --- [demo] [http-nio-8080-exec-2] o.s.web.servlet.DispatcherServlet        : Initializing Servlet 'dispatcherServlet'
2024-07-31T04:48:09.033+09:00  INFO 1200 --- [demo] [http-nio-8080-exec-2] o.s.web.servlet.DispatcherServlet        : Completed initialization in 0 ms
2024-07-31T04:49:43.869+09:00  INFO 1200 --- [demo] [SpringApplicationShutdownHook] j.LocalContainerEntityManagerFactoryBean : Closing JPA EntityManagerFactory for persistence unit 'default'
2024-07-31T04:49:43.871+09:00  INFO 1200 --- [demo] [SpringApplicationShutdownHook] com.zaxxer.hikari.HikariDataSource       : HikariPool-1 - Shutdown initiated...
2024-07-31T04:49:43.874+09:00  INFO 1200 --- [demo] [SpringApplicationShutdownHook] com.zaxxer.hikari.HikariDataSource       : HikariPool-1 - Shutdown completed.
2024-07-31T04:49:46.197+09:00  INFO 3680 --- [demo] [main] com.example.demo.GdgApplication          : Starting GdgApplication using Java 17.0.10 with PID 3680 (C:\Users\rohgi\PracticeFile\Java8-Spring\기봉\Spring\demo\build\classes\java\main started by bong in C:\Users\rohgi\PracticeFile\Java8-Spring\기봉\Spring\demo)
2024-07-31T04:49:46.200+09:00  INFO 3680 --- [demo] [main] com.example.demo.GdgApplication          : No active profile set, falling back to 1 default profile: "default"
2024-07-31T04:49:46.959+09:00  INFO 3680 --- [demo] [main] .s.d.r.c.RepositoryConfigurationDelegate : Bootstrapping Spring Data JPA repositories in DEFAULT mode.
2024-07-31T04:49:47.045+09:00  INFO 3680 --- [demo] [main] .s.d.r.c.RepositoryConfigurationDelegate : Finished Spring Data repository scanning in 75 ms. Found 1 JPA repository interface.
2024-07-31T04:49:47.537+09:00  INFO 3680 --- [demo] [main] o.s.b.w.embedded.tomcat.TomcatWebServer  : Tomcat initialized with port 8080 (http)
2024-07-31T04:49:47.546+09:00  INFO 3680 --- [demo] [main] o.apache.catalina.core.StandardService   : Starting service [Tomcat]
2024-07-31T04:49:47.546+09:00  INFO 3680 --- [demo] [main] o.apache.catalina.core.StandardEngine    : Starting Servlet engine: [Apache Tomcat/10.1.26]
2024-07-31T04:49:47.590+09:00  INFO 3680 --- [demo] [main] o.a.c.c.C.[Tomcat].[localhost].[/]       : Initializing Spring embedded WebApplicationContext
2024-07-31T04:49:47.591+09:00  INFO 3680 --- [demo] [main] w.s.c.ServletWebServerApplicationContext : Root WebApplicationContext: initialization completed in 1356 ms
2024-07-31T04:49:47.707+09:00  INFO 3680 --- [demo] [main] o.hibernate.jpa.internal.util.LogHelper  : HHH000204: Processing PersistenceUnitInfo [name: default]
2024-07-31T04:49:47.753+09:00  INFO 3680 --- [demo] [main] org.hibernate.Version                    : HHH000412: Hibernate ORM core version 6.5.2.Final
2024-07-31T04:49:47.781+09:00  INFO 3680 --- [demo] [main] o.h.c.internal.RegionFactoryInitiator    : HHH000026: Second-level cache disabled
2024-07-31T04:49:48.072+09:00  INFO 3680 --- [demo] [main] o.s.o.j.p.SpringPersistenceUnitInfo      : No LoadTimeWeaver setup: ignoring JPA class transformer
2024-07-31T04:49:48.100+09:00  INFO 3680 --- [demo] [main] com.zaxxer.hikari.HikariDataSource       : HikariPool-1 - Starting...
2024-07-31T04:49:48.347+09:00  INFO 3680 --- [demo] [main] com.zaxxer.hikari.pool.HikariPool        : HikariPool-1 - Added connection com.mysql.cj.jdbc.ConnectionImpl@419f0ea
2024-07-31T04:49:48.349+09:00  INFO 3680 --- [demo] [main] com.zaxxer.hikari.HikariDataSource       : HikariPool-1 - Start completed.
2024-07-31T04:49:48.384+09:00  WARN 3680 --- [demo] [main] org.hibernate.orm.deprecation            : HHH90000025: MySQL8Dialect does not need to be specified explicitly using 'hibernate.dialect' (remove the property setting and it will be selected by default)
2024-07-31T04:49:48.385+09:00  WARN 3680 --- [demo] [main] org.hibernate.orm.deprecation            : HHH90000026: MySQL8Dialect has been deprecated; use org.hibernate.dialect.MySQLDialect instead
2024-07-31T04:49:49.252+09:00  INFO 3680 --- [demo] [main] o.h.e.t.j.p.i.JtaPlatformInitiator       : HHH000489: No JTA platform available (set 'hibernate.transaction.jta.platform' to enable JTA platform integration)
2024-07-31T04:49:49.309+09:00  INFO 3680 --- [demo] [main] j.LocalContainerEntityManagerFactoryBean : Initialized JPA EntityManagerFactory for persistence unit 'default'
2024-07-31T04:49:49.669+09:00  WARN 3680 --- [demo] [main] JpaBaseConfiguration$JpaWebConfiguration : spring.jpa.open-in-view is enabled by default. Therefore, database queries may be performed during view rendering. Explicitly configure spring.jpa.open-in-view to disable this warning
2024-07-31T04:49:49.712+09:00  WARN 3680 --- [demo] [main] .s.s.UserDetailsServiceAutoConfiguration : 

Using generated security password: eaeb8f00-0332-48fe-bfe1-a21d0f171630

This generated password is for development use only. Your security configuration must be updated before running your application in production.

2024-07-31T04:49:49.733+09:00  INFO 3680 --- [demo] [main] r$InitializeUserDetailsManagerConfigurer : Global AuthenticationManager configured with UserDetailsService bean with name inMemoryUserDetailsManager
2024-07-31T04:49:50.192+09:00  INFO 3680 --- [demo] [main] o.s.b.w.embedded.tomcat.TomcatWebServer  : Tomcat started on port 8080 (http) with context path '/'
2024-07-31T04:49:50.198+09:00  INFO 3680 --- [demo] [main] com.example.demo.GdgApplication          : Started GdgApplication in 4.479 seconds (process running for 4.963)
2024-07-31T04:50:05.197+09:00  INFO 3680 --- [demo] [SpringApplicationShutdownHook] j.LocalContainerEntityManagerFactoryBean : Closing JPA EntityManagerFactory for persistence unit 'default'
2024-07-31T04:50:05.199+09:00  INFO 3680 --- [demo] [SpringApplicationShutdownHook] com.zaxxer.hikari.HikariDataSource       : HikariPool-1 - Shutdown initiated...
2024-07-31T04:50:05.206+09:00  INFO 3680 --- [demo] [SpringApplicationShutdownHook] com.zaxxer.hikari.HikariDataSource       : HikariPool-1 - Shutdown completed.
2024-07-31T04:50:07.726+09:00  INFO 22428 --- [demo] [main] com.example.demo.GdgApplication          : Starting GdgApplication using Java 17.0.10 with PID 22428 (C:\Users\rohgi\PracticeFile\Java8-Spring\기봉\Spring\demo\build\classes\java\main started by bong in C:\Users\rohgi\PracticeFile\Java8-Spring\기봉\Spring\demo)
2024-07-31T04:50:07.728+09:00  INFO 22428 --- [demo] [main] com.example.demo.GdgApplication          : No active profile set, falling back to 1 default profile: "default"
2024-07-31T04:50:08.265+09:00  INFO 22428 --- [demo] [main] .s.d.r.c.RepositoryConfigurationDelegate : Bootstrapping Spring Data JPA repositories in DEFAULT mode.
2024-07-31T04:50:08.307+09:00  INFO 22428 --- [demo] [main] .s.d.r.c.RepositoryConfigurationDelegate : Finished Spring Data repository scanning in 36 ms. Found 1 JPA repository interface.
2024-07-31T04:50:08.742+09:00  INFO 22428 --- [demo] [main] o.s.b.w.embedded.tomcat.TomcatWebServer  : Tomcat initialized with port 8080 (http)
2024-07-31T04:50:08.751+09:00  INFO 22428 --- [demo] [main] o.apache.catalina.core.StandardService   : Starting service [Tomcat]
2024-07-31T04:50:08.751+09:00  INFO 22428 --- [demo] [main] o.apache.catalina.core.StandardEngine    : Starting Servlet engine: [Apache Tomcat/10.1.26]
2024-07-31T04:50:08.859+09:00  INFO 22428 --- [demo] [main] o.a.c.c.C.[Tomcat].[localhost].[/]       : Initializing Spring embedded WebApplicationContext
2024-07-31T04:50:08.860+09:00  INFO 22428 --- [demo] [main] w.s.c.ServletWebServerApplicationContext : Root WebApplicationContext: initialization completed in 1099 ms
2024-07-31T04:50:08.992+09:00  INFO 22428 --- [demo] [main] o.hibernate.jpa.internal.util.LogHelper  : HHH000204: Processing PersistenceUnitInfo [name: default]
2024-07-31T04:50:09.039+09:00  INFO 22428 --- [demo] [main] org.hibernate.Version                    : HHH000412: Hibernate ORM core version 6.5.2.Final
2024-07-31T04:50:09.071+09:00  INFO 22428 --- [demo] [main] o.h.c.internal.RegionFactoryInitiator    : HHH000026: Second-level cache disabled
2024-07-31T04:50:09.333+09:00  INFO 22428 --- [demo] [main] o.s.o.j.p.SpringPersistenceUnitInfo      : No LoadTimeWeaver setup: ignoring JPA class transformer
2024-07-31T04:50:09.357+09:00  INFO 22428 --- [demo] [main] com.zaxxer.hikari.HikariDataSource       : HikariPool-1 - Starting...
2024-07-31T04:50:09.586+09:00  INFO 22428 --- [demo] [main] com.zaxxer.hikari.pool.HikariPool        : HikariPool-1 - Added connection com.mysql.cj.jdbc.ConnectionImpl@69b37f5c
2024-07-31T04:50:09.588+09:00  INFO 22428 --- [demo] [main] com.zaxxer.hikari.HikariDataSource       : HikariPool-1 - Start completed.
2024-07-31T04:50:09.625+09:00  WARN 22428 --- [demo] [main] org.hibernate.orm.deprecation            : HHH90000025: MySQL8Dialect does not need to be specified explicitly using 'hibernate.dialect' (remove the property setting and it will be selected by default)
2024-07-31T04:50:09.626+09:00  WARN 22428 --- [demo] [main] org.hibernate.orm.deprecation            : HHH90000026: MySQL8Dialect has been deprecated; use org.hibernate.dialect.MySQLDialect instead
2024-07-31T04:50:10.395+09:00  INFO 22428 --- [demo] [main] o.h.e.t.j.p.i.JtaPlatformInitiator       : HHH000489: No JTA platform available (set 'hibernate.transaction.jta.platform' to enable JTA platform integration)
2024-07-31T04:50:10.435+09:00  INFO 22428 --- [demo] [main] j.LocalContainerEntityManagerFactoryBean : Initialized JPA EntityManagerFactory for persistence unit 'default'
2024-07-31T04:50:10.765+09:00  WARN 22428 --- [demo] [main] JpaBaseConfiguration$JpaWebConfiguration : spring.jpa.open-in-view is enabled by default. Therefore, database queries may be performed during view rendering. Explicitly configure spring.jpa.open-in-view to disable this warning
2024-07-31T04:50:10.795+09:00  WARN 22428 --- [demo] [main] .s.s.UserDetailsServiceAutoConfiguration : 

Using generated security password: 022918d0-237c-49ca-9f91-ca60a11670fa

This generated password is for development use only. Your security configuration must be updated before running your application in production.

2024-07-31T04:50:10.810+09:00  INFO 22428 --- [demo] [main] r$InitializeUserDetailsManagerConfigurer : Global AuthenticationManager configured with UserDetailsService bean with name inMemoryUserDetailsManager
2024-07-31T04:50:11.329+09:00  INFO 22428 --- [demo] [main] o.s.b.w.embedded.tomcat.TomcatWebServer  : Tomcat started on port 8080 (http) with context path '/'
2024-07-31T04:50:11.337+09:00  INFO 22428 --- [demo] [main] com.example.demo.GdgApplication          : Started GdgApplication in 4.045 seconds (process running for 4.795)
2024-07-31T04:50:39.028+09:00  INFO 22428 --- [demo] [http-nio-8080-exec-2] o.a.c.c.C.[Tomcat].[localhost].[/]       : Initializing Spring DispatcherServlet 'dispatcherServlet'
2024-07-31T04:50:39.029+09:00  INFO 22428 --- [demo] [http-nio-8080-exec-2] o.s.web.servlet.DispatcherServlet        : Initializing Servlet 'dispatcherServlet'
2024-07-31T04:50:39.031+09:00  INFO 22428 --- [demo] [http-nio-8080-exec-2] o.s.web.servlet.DispatcherServlet        : Completed initialization in 2 ms
2024-07-31T04:56:33.801+09:00  INFO 22428 --- [demo] [SpringApplicationShutdownHook] j.LocalContainerEntityManagerFactoryBean : Closing JPA EntityManagerFactory for persistence unit 'default'
2024-07-31T04:56:33.803+09:00  INFO 22428 --- [demo] [SpringApplicationShutdownHook] com.zaxxer.hikari.HikariDataSource       : HikariPool-1 - Shutdown initiated...
2024-07-31T04:56:33.812+09:00  INFO 22428 --- [demo] [SpringApplicationShutdownHook] com.zaxxer.hikari.HikariDataSource       : HikariPool-1 - Shutdown completed.
2024-07-31T04:56:36.810+09:00  INFO 20112 --- [demo] [main] com.example.demo.GdgApplication          : Starting GdgApplication using Java 17.0.10 with PID 20112 (C:\Users\rohgi\PracticeFile\Java8-Spring\기봉\Spring\demo\build\classes\java\main started by bong in C:\Users\rohgi\PracticeFile\Java8-Spring\기봉\Spring\demo)
2024-07-31T04:56:36.812+09:00  INFO 20112 --- [demo] [main] com.example.demo.GdgApplication          : No active profile set, falling back to 1 default profile: "default"
2024-07-31T04:56:37.389+09:00  INFO 20112 --- [demo] [main] .s.d.r.c.RepositoryConfigurationDelegate : Bootstrapping Spring Data JPA repositories in DEFAULT mode.
2024-07-31T04:56:37.440+09:00  INFO 20112 --- [demo] [main] .s.d.r.c.RepositoryConfigurationDelegate : Finished Spring Data repository scanning in 43 ms. Found 1 JPA repository interface.
2024-07-31T04:56:37.967+09:00  INFO 20112 --- [demo] [main] o.s.b.w.embedded.tomcat.TomcatWebServer  : Tomcat initialized with port 8080 (http)
2024-07-31T04:56:37.977+09:00  INFO 20112 --- [demo] [main] o.apache.catalina.core.StandardService   : Starting service [Tomcat]
2024-07-31T04:56:37.977+09:00  INFO 20112 --- [demo] [main] o.apache.catalina.core.StandardEngine    : Starting Servlet engine: [Apache Tomcat/10.1.26]
2024-07-31T04:56:38.039+09:00  INFO 20112 --- [demo] [main] o.a.c.c.C.[Tomcat].[localhost].[/]       : Initializing Spring embedded WebApplicationContext
2024-07-31T04:56:38.040+09:00  INFO 20112 --- [demo] [main] w.s.c.ServletWebServerApplicationContext : Root WebApplicationContext: initialization completed in 1194 ms
2024-07-31T04:56:38.182+09:00  INFO 20112 --- [demo] [main] o.hibernate.jpa.internal.util.LogHelper  : HHH000204: Processing PersistenceUnitInfo [name: default]
2024-07-31T04:56:38.242+09:00  INFO 20112 --- [demo] [main] org.hibernate.Version                    : HHH000412: Hibernate ORM core version 6.5.2.Final
2024-07-31T04:56:38.277+09:00  INFO 20112 --- [demo] [main] o.h.c.internal.RegionFactoryInitiator    : HHH000026: Second-level cache disabled
2024-07-31T04:56:38.601+09:00  INFO 20112 --- [demo] [main] o.s.o.j.p.SpringPersistenceUnitInfo      : No LoadTimeWeaver setup: ignoring JPA class transformer
2024-07-31T04:56:38.631+09:00  INFO 20112 --- [demo] [main] com.zaxxer.hikari.HikariDataSource       : HikariPool-1 - Starting...
2024-07-31T04:56:38.918+09:00  INFO 20112 --- [demo] [main] com.zaxxer.hikari.pool.HikariPool        : HikariPool-1 - Added connection com.mysql.cj.jdbc.ConnectionImpl@4f3fec43
2024-07-31T04:56:38.920+09:00  INFO 20112 --- [demo] [main] com.zaxxer.hikari.HikariDataSource       : HikariPool-1 - Start completed.
2024-07-31T04:56:38.988+09:00  WARN 20112 --- [demo] [main] org.hibernate.orm.deprecation            : HHH90000025: MySQL8Dialect does not need to be specified explicitly using 'hibernate.dialect' (remove the property setting and it will be selected by default)
2024-07-31T04:56:38.991+09:00  WARN 20112 --- [demo] [main] org.hibernate.orm.deprecation            : HHH90000026: MySQL8Dialect has been deprecated; use org.hibernate.dialect.MySQLDialect instead
2024-07-31T04:56:39.929+09:00  INFO 20112 --- [demo] [main] o.h.e.t.j.p.i.JtaPlatformInitiator       : HHH000489: No JTA platform available (set 'hibernate.transaction.jta.platform' to enable JTA platform integration)
2024-07-31T04:56:39.978+09:00  INFO 20112 --- [demo] [main] j.LocalContainerEntityManagerFactoryBean : Initialized JPA EntityManagerFactory for persistence unit 'default'
2024-07-31T04:56:40.261+09:00  WARN 20112 --- [demo] [main] JpaBaseConfiguration$JpaWebConfiguration : spring.jpa.open-in-view is enabled by default. Therefore, database queries may be performed during view rendering. Explicitly configure spring.jpa.open-in-view to disable this warning
2024-07-31T04:56:40.287+09:00  WARN 20112 --- [demo] [main] .s.s.UserDetailsServiceAutoConfiguration : 

Using generated security password: 07a7a8ce-ce64-4afc-b714-894d734e19f2

This generated password is for development use only. Your security configuration must be updated before running your application in production.

2024-07-31T04:56:40.301+09:00  INFO 20112 --- [demo] [main] r$InitializeUserDetailsManagerConfigurer : Global AuthenticationManager configured with UserDetailsService bean with name inMemoryUserDetailsManager
2024-07-31T04:56:40.701+09:00  INFO 20112 --- [demo] [main] o.s.b.w.embedded.tomcat.TomcatWebServer  : Tomcat started on port 8080 (http) with context path '/'
2024-07-31T04:56:40.708+09:00  INFO 20112 --- [demo] [main] com.example.demo.GdgApplication          : Started GdgApplication in 4.302 seconds (process running for 4.786)
2024-07-31T04:56:44.700+09:00  INFO 20112 --- [demo] [http-nio-8080-exec-2] o.a.c.c.C.[Tomcat].[localhost].[/]       : Initializing Spring DispatcherServlet 'dispatcherServlet'
2024-07-31T04:56:44.700+09:00  INFO 20112 --- [demo] [http-nio-8080-exec-2] o.s.web.servlet.DispatcherServlet        : Initializing Servlet 'dispatcherServlet'
2024-07-31T04:56:44.701+09:00  INFO 20112 --- [demo] [http-nio-8080-exec-2] o.s.web.servlet.DispatcherServlet        : Completed initialization in 1 ms
